  main.cpp
d:\ei2\conav\raytracing\ray_tracing\ray_tracing\vec3.h(49): warning C4244: 'initialisation' : conversion de 'double' en 'float', perte possible de données
d:\ei2\conav\raytracing\ray_tracing\ray_tracing\vec3.h(128): warning C4244: 'initialisation' : conversion de 'double' en 'float', perte possible de données
d:\ei2\conav\raytracing\ray_tracing\ray_tracing\hitablelist.h(20): warning C4244: 'argument' : conversion de 'double' en 'float', perte possible de données
d:\ei2\conav\raytracing\ray_tracing\ray_tracing\material.h(20): warning C4244: 'initialisation' : conversion de 'double' en 'float', perte possible de données
d:\ei2\conav\raytracing\ray_tracing\ray_tracing\material.h(94): warning C4244: '=' : conversion de 'double' en 'float', perte possible de données
d:\ei2\conav\raytracing\ray_tracing\ray_tracing\main.cpp(24): warning C4305: 'argument' : troncation de 'double' à 'float'
d:\ei2\conav\raytracing\ray_tracing\ray_tracing\main.cpp(36): warning C4244: 'initialisation' : conversion de 'double' en 'float', perte possible de données
d:\ei2\conav\raytracing\ray_tracing\ray_tracing\main.cpp(37): warning C4244: 'argument' : conversion de 'double' en 'float', perte possible de données
d:\ei2\conav\raytracing\ray_tracing\ray_tracing\main.cpp(37): warning C4305: 'argument' : troncation de 'double' à 'float'
d:\ei2\conav\raytracing\ray_tracing\ray_tracing\main.cpp(50): warning C4244: 'argument' : conversion de 'double' en 'float', perte possible de données
d:\ei2\conav\raytracing\ray_tracing\ray_tracing\main.cpp(50): warning C4305: 'argument' : troncation de 'double' à 'float'
d:\ei2\conav\raytracing\ray_tracing\ray_tracing\main.cpp(51): warning C4305: 'argument' : troncation de 'double' à 'float'
d:\ei2\conav\raytracing\ray_tracing\ray_tracing\main.cpp(53): warning C4305: 'argument' : troncation de 'double' à 'float'
d:\ei2\conav\raytracing\ray_tracing\ray_tracing\main.cpp(57): warning C4244: 'argument' : conversion de 'double' en 'float', perte possible de données
d:\ei2\conav\raytracing\ray_tracing\ray_tracing\main.cpp(57): warning C4305: 'argument' : troncation de 'double' à 'float'
d:\ei2\conav\raytracing\ray_tracing\ray_tracing\main.cpp(60): warning C4305: 'argument' : troncation de 'double' à 'float'
d:\ei2\conav\raytracing\ray_tracing\ray_tracing\main.cpp(67): warning C4305: 'argument' : troncation de 'double' à 'float'
d:\ei2\conav\raytracing\ray_tracing\ray_tracing\main.cpp(68): warning C4305: 'argument' : troncation de 'double' à 'float'
d:\ei2\conav\raytracing\ray_tracing\ray_tracing\main.cpp(83): warning C4305: 'argument' : troncation de 'double' à 'float'
d:\ei2\conav\raytracing\ray_tracing\ray_tracing\main.cpp(84): warning C4305: 'argument' : troncation de 'double' à 'float'
d:\ei2\conav\raytracing\ray_tracing\ray_tracing\main.cpp(85): warning C4305: 'argument' : troncation de 'double' à 'float'
d:\ei2\conav\raytracing\ray_tracing\ray_tracing\main.cpp(87): warning C4305: 'argument' : troncation de 'double' à 'float'
d:\ei2\conav\raytracing\ray_tracing\ray_tracing\main.cpp(94): warning C4305: 'initialisation' : troncation de 'double' à 'float'
  ray_tracing.vcxproj -> D:\Ei2\CONAV\rayTracing\ray_tracing\Debug\ray_tracing.exe
  ray_tracing.vcxproj -> D:\Ei2\CONAV\rayTracing\ray_tracing\Debug\ray_tracing.pdb (Full PDB)
